<?xml version="1.0" encoding="UTF-8"?>
<!-- Generated by org.testng.reporters.JUnitReportReporter -->
<testsuite skipped="0" hostname="LAPTOP-F0EEA8IO" name="com.Banking.testCases.TC_LoginTest_001" tests="1" failures="0" timestamp="2021-01-06T15:47:35 CET" time="4.218" errors="0">
  <testcase name="LoginTest" time="4.218" classname="com.Banking.testCases.TC_LoginTest_001"/>
  <system-out/>
</testsuite> <!-- com.Banking.testCases.TC_LoginTest_001 -->
